\BOOKMARK [1][-]{section.1}{\376\377\000O\000b\000j\000e\000c\000t\000i\000v\000e}{}% 1
\BOOKMARK [1][-]{section.2}{\376\377\000D\000a\000t\000a\000\040\000a\000n\000d\000\040\000R\000e\000s\000o\000u\000r\000c\000e\000s\000\040\000U\000s\000e\000d}{}% 2
\BOOKMARK [2][-]{subsection.2.1}{\376\377\000P\000r\000e\000t\000r\000a\000i\000n\000i\000n\000g\000\040\000C\000o\000r\000p\000u\000s}{section.2}% 3
\BOOKMARK [2][-]{subsection.2.2}{\376\377\000P\000r\000e\000t\000r\000a\000i\000n\000e\000d\000\040\000C\000o\000m\000p\000a\000r\000i\000s\000o\000n\000\040\000V\000e\000c\000t\000o\000r\000s}{section.2}% 4
\BOOKMARK [2][-]{subsection.2.3}{\376\377\000C\000l\000a\000s\000s\000i\000f\000i\000c\000a\000t\000i\000o\000n\000\040\000D\000a\000t\000a\000s\000e\000t}{section.2}% 5
\BOOKMARK [1][-]{section.3}{\376\377\000D\000e\000t\000a\000i\000l\000e\000d\000\040\000W\000o\000r\000k\000f\000l\000o\000w\000\040\000a\000n\000d\000\040\000I\000m\000p\000l\000e\000m\000e\000n\000t\000a\000t\000i\000o\000n}{}% 6
\BOOKMARK [2][-]{subsection.3.1}{\376\377\000S\000t\000e\000p\000\040\0001\000:\000\040\000C\000o\000r\000p\000u\000s\000\040\000A\000c\000q\000u\000i\000s\000i\000t\000i\000o\000n}{section.3}% 7
\BOOKMARK [2][-]{subsection.3.2}{\376\377\000S\000t\000e\000p\000\040\0002\000:\000\040\000C\000o\000r\000p\000u\000s\000\040\000P\000r\000e\000p\000r\000o\000c\000e\000s\000s\000i\000n\000g}{section.3}% 8
\BOOKMARK [2][-]{subsection.3.3}{\376\377\000S\000t\000e\000p\000\040\0003\000:\000\040\000W\000o\000r\000d\000\040\000V\000e\000c\000t\000o\000r\000\040\000T\000r\000a\000i\000n\000i\000n\000g}{section.3}% 9
\BOOKMARK [2][-]{subsection.3.4}{\376\377\000S\000t\000e\000p\000\040\0004\000:\000\040\000D\000o\000w\000n\000l\000o\000a\000d\000i\000n\000g\000\040\000P\000r\000e\000t\000r\000a\000i\000n\000e\000d\000\040\000V\000e\000c\000t\000o\000r\000s}{section.3}% 10
\BOOKMARK [2][-]{subsection.3.5}{\376\377\000S\000t\000e\000p\000\040\0005\000:\000\040\000V\000e\000c\000t\000o\000r\000\040\000C\000o\000m\000p\000a\000r\000i\000s\000o\000n}{section.3}% 11
\BOOKMARK [2][-]{subsection.3.6}{\376\377\000S\000t\000e\000p\000\040\0006\000:\000\040\000C\000l\000a\000s\000s\000i\000f\000i\000c\000a\000t\000i\000o\000n\000\040\000D\000a\000t\000a\000\040\000P\000r\000e\000p\000a\000r\000a\000t\000i\000o\000n}{section.3}% 12
\BOOKMARK [2][-]{subsection.3.7}{\376\377\000S\000t\000e\000p\000\040\0007\000:\000\040\000L\000S\000T\000M\000\040\000M\000o\000d\000e\000l\000\040\000A\000r\000c\000h\000i\000t\000e\000c\000t\000u\000r\000e}{section.3}% 13
\BOOKMARK [2][-]{subsection.3.8}{\376\377\000S\000t\000e\000p\000\040\0008\000:\000\040\000M\000o\000d\000e\000l\000\040\000T\000r\000a\000i\000n\000i\000n\000g}{section.3}% 14
\BOOKMARK [2][-]{subsection.3.9}{\376\377\000S\000t\000e\000p\000\040\0009\000:\000\040\000E\000v\000a\000l\000u\000a\000t\000i\000o\000n}{section.3}% 15
\BOOKMARK [1][-]{section.4}{\376\377\000M\000e\000t\000h\000o\000d\000o\000l\000o\000g\000y}{}% 16
\BOOKMARK [2][-]{subsection.4.1}{\376\377\000W\000o\000r\000d\000\040\000V\000e\000c\000t\000o\000r\000\040\000T\000r\000a\000i\000n\000i\000n\000g}{section.4}% 17
\BOOKMARK [2][-]{subsection.4.2}{\376\377\000L\000S\000T\000M\000\040\000C\000l\000a\000s\000s\000i\000f\000i\000c\000a\000t\000i\000o\000n}{section.4}% 18
\BOOKMARK [1][-]{section.5}{\376\377\000R\000e\000s\000u\000l\000t\000s}{}% 19
\BOOKMARK [2][-]{subsection.5.1}{\376\377\000W\000o\000r\000d\000\040\000V\000e\000c\000t\000o\000r\000\040\000C\000o\000m\000p\000a\000r\000i\000s\000o\000n}{section.5}% 20
\BOOKMARK [2][-]{subsection.5.2}{\376\377\000L\000S\000T\000M\000\040\000C\000l\000a\000s\000s\000i\000f\000i\000c\000a\000t\000i\000o\000n\000\040\000C\000o\000m\000p\000a\000r\000i\000s\000o\000n}{section.5}% 21
\BOOKMARK [2][-]{subsection.5.3}{\376\377\000P\000e\000r\000-\000C\000l\000a\000s\000s\000\040\000B\000e\000h\000a\000v\000i\000o\000r\000\040\000\050\000B\000e\000s\000t\000\040\000M\000o\000d\000e\000l\000:\000\040\000W\000o\000r\000d\0002\000V\000e\000c\000\051}{section.5}% 22
\BOOKMARK [1][-]{section.6}{\376\377\000D\000i\000f\000f\000i\000c\000u\000l\000t\000i\000e\000s\000\040\000E\000n\000c\000o\000u\000n\000t\000e\000r\000e\000d}{}% 23
\BOOKMARK [1][-]{section.7}{\376\377\000W\000h\000y\000\040\000t\000h\000e\000\040\000M\000o\000d\000e\000l\000\040\000P\000e\000r\000f\000o\000r\000m\000a\000n\000c\000e\000\040\000I\000s\000\040\000N\000o\000t\000\040\000H\000i\000g\000h\000e\000r}{}% 24
\BOOKMARK [1][-]{section.8}{\376\377\000C\000o\000n\000c\000l\000u\000s\000i\000o\000n}{}% 25
